>>> Downloading 'http://distfiles.gentoo.org/distfiles/14/eselect-vi-1.2.tar.gz'
--2022-03-25 10:51:10--  http://distfiles.gentoo.org/distfiles/14/eselect-vi-1.2.tar.gz
Resolving distfiles.gentoo.org... 156.146.36.23, 89.187.177.17, 2a02:6ea0:c400::12, ...
Connecting to distfiles.gentoo.org|156.146.36.23|:80... connected.
HTTP request sent, awaiting response... 200 OK
Length: 2078 (2.0K) [application/x-gzip]
Saving to: ‘/var/cache/distfiles/eselect-vi-1.2.tar.gz.__download__’

     0K ..                                                    100% 4.61M=0s

2022-03-25 10:51:11 (4.61 MB/s) - ‘/var/cache/distfiles/eselect-vi-1.2.tar.gz.__download__’ saved [2078/2078]

 * eselect-vi-1.2.tar.gz BLAKE2B SHA512 size ;-) ...                     [ ok ]
>>> Downloading 'http://distfiles.gentoo.org/distfiles/ff/libsodium-1.0.18_p20210617.tar.gz'
--2022-03-25 10:51:11--  http://distfiles.gentoo.org/distfiles/ff/libsodium-1.0.18_p20210617.tar.gz
Resolving distfiles.gentoo.org... 89.187.177.17, 156.146.36.23, 2a02:6ea0:c400::11, ...
Connecting to distfiles.gentoo.org|89.187.177.17|:80... connected.
HTTP request sent, awaiting response... 200 OK
Length: 1854880 (1.8M) [application/x-gzip]
Saving to: ‘/var/cache/distfiles/libsodium-1.0.18_p20210617.tar.gz.__download__’

     0K .......... .......... .......... .......... ..........  2%  530K 3s
    50K .......... .......... .......... .......... ..........  5% 1.02M 2s
   100K .......... .......... .......... .......... ..........  8% 1.96M 2s
   150K .......... .......... .......... .......... .......... 11% 2.35M 2s
   200K .......... .......... .......... .......... .......... 13% 3.29M 1s
   250K .......... .......... .......... .......... .......... 16% 4.08M 1s
   300K .......... .......... .......... .......... .......... 19% 4.59M 1s
   350K .......... .......... .......... .......... .......... 22% 5.78M 1s
   400K .......... .......... .......... .......... .......... 24% 6.03M 1s
   450K .......... .......... .......... .......... .......... 27% 6.74M 1s
   500K .......... .......... .......... .......... .......... 30% 7.61M 1s
   550K .......... .......... .......... .......... .......... 33% 8.23M 1s
   600K .......... .......... .......... .......... .......... 35% 9.61M 0s
   650K .......... .......... .......... .......... .......... 38% 10.5M 0s
   700K .......... .......... .......... .......... .......... 41% 10.6M 0s
   750K .......... .......... .......... .......... .......... 44% 10.2M 0s
   800K .......... .......... .......... .......... .......... 46% 13.2M 0s
   850K .......... .......... .......... .......... .......... 49% 13.6M 0s
   900K .......... .......... .......... .......... .......... 52% 13.3M 0s
   950K .......... .......... .......... .......... .......... 55% 14.8M 0s
  1000K .......... .......... .......... .......... .......... 57% 14.5M 0s
  1050K .......... .......... .......... .......... .......... 60% 18.8M 0s
  1100K .......... .......... .......... .......... .......... 63% 17.2M 0s
  1150K .......... .......... .......... .......... .......... 66% 16.5M 0s
  1200K .......... .......... .......... .......... .......... 69% 18.6M 0s
  1250K .......... .......... .......... .......... .......... 71% 15.4M 0s
  1300K .......... .......... .......... .......... .......... 74% 23.6M 0s
  1350K .......... .......... .......... .......... .......... 77% 21.3M 0s
  1400K .......... .......... .......... .......... .......... 80% 23.2M 0s
  1450K .......... .......... .......... .......... .......... 82% 19.0M 0s
  1500K .......... .......... .......... .......... .......... 85% 25.6M 0s
  1550K .......... .......... .......... .......... .......... 88% 15.8M 0s
  1600K .......... .......... .......... .......... .......... 91% 33.7M 0s
  1650K .......... .......... .......... .......... .......... 93% 19.7M 0s
  1700K .......... .......... .......... .......... .......... 96% 26.3M 0s
  1750K .......... .......... .......... .......... .......... 99% 25.6M 0s
  1800K .......... .                                          100%  106M=0.3s

2022-03-25 10:51:11 (5.29 MB/s) - ‘/var/cache/distfiles/libsodium-1.0.18_p20210617.tar.gz.__download__’ saved [1854880/1854880]

 * libsodium-1.0.18_p20210617.tar.gz BLAKE2B SHA512 size ;-) ...         [ ok ]
>>> Downloading 'http://distfiles.gentoo.org/distfiles/a8/vim-8.2.4328.tar.gz'
--2022-03-25 10:51:11--  http://distfiles.gentoo.org/distfiles/a8/vim-8.2.4328.tar.gz
Resolving distfiles.gentoo.org... 156.146.36.23, 89.187.177.17, 2a02:6ea0:c400::11, ...
Connecting to distfiles.gentoo.org|156.146.36.23|:80... connected.
HTTP request sent, awaiting response... 200 OK
Length: 15983756 (15M) [application/x-gzip]
Saving to: ‘/var/cache/distfiles/vim-8.2.4328.tar.gz.__download__’

     0K .......... .......... .......... .......... ..........  0%  497K 31s
    50K .......... .......... .......... .......... ..........  0% 1.07M 23s
   100K .......... .......... .......... .......... ..........  0% 1.85M 18s
   150K .......... .......... .......... .......... ..........  1% 2.00M 15s
   200K .......... .......... .......... .......... ..........  1% 3.38M 13s
   250K .......... .......... .......... .......... ..........  1% 3.80M 11s
   300K .......... .......... .......... .......... ..........  2% 4.41M 10s
   350K .......... .......... .......... .......... ..........  2% 4.35M 9s
   400K .......... .......... .......... .......... ..........  2% 5.15M 9s
   450K .......... .......... .......... .......... ..........  3% 6.73M 8s
   500K .......... .......... .......... .......... ..........  3% 6.89M 7s
   550K .......... .......... .......... .......... ..........  3% 7.78M 7s
   600K .......... .......... .......... .......... ..........  4% 8.51M 7s
   650K .......... .......... .......... .......... ..........  4% 9.07M 6s
   700K .......... .......... .......... .......... ..........  4% 10.0M 6s
   750K .......... .......... .......... .......... ..........  5% 10.6M 6s
   800K .......... .......... .......... .......... ..........  5% 11.1M 5s
   850K .......... .......... .......... .......... ..........  5% 11.3M 5s
   900K .......... .......... .......... .......... ..........  6% 12.3M 5s
   950K .......... .......... .......... .......... ..........  6% 13.4M 5s
  1000K .......... .......... .......... .......... ..........  6% 13.0M 4s
  1050K .......... .......... .......... .......... ..........  7% 11.3M 4s
  1100K .......... .......... .......... .......... ..........  7% 20.3M 4s
  1150K .......... .......... .......... .......... ..........  7% 16.8M 4s
  1200K .......... .......... .......... .......... ..........  8% 17.0M 4s
  1250K .......... .......... .......... .......... ..........  8% 19.4M 4s
  1300K .......... .......... .......... .......... ..........  8% 14.0M 4s
  1350K .......... .......... .......... .......... ..........  8% 17.7M 3s
  1400K .......... .......... .......... .......... ..........  9% 20.3M 3s
  1450K .......... .......... .......... .......... ..........  9% 22.0M 3s
  1500K .......... .......... .......... .......... ..........  9% 23.4M 3s
  1550K .......... .......... .......... .......... .......... 10% 13.8M 3s
  1600K .......... .......... .......... .......... .......... 10% 32.2M 3s
  1650K .......... .......... .......... .......... .......... 10% 26.8M 3s
  1700K .......... .......... .......... .......... .......... 11% 27.3M 3s
  1750K .......... .......... .......... .......... .......... 11% 22.4M 3s
  1800K .......... .......... .......... .......... .......... 11% 25.7M 3s
  1850K .......... .......... .......... .......... .......... 12% 42.9M 3s
  1900K .......... .......... .......... .......... .......... 12% 9.55M 3s
  1950K .......... .......... .......... .......... .......... 12% 34.6M 2s
  2000K .......... .......... .......... .......... .......... 13% 23.1M 2s
  2050K .......... .......... .......... .......... .......... 13% 41.3M 2s
  2100K .......... .......... .......... .......... .......... 13% 20.0M 2s
  2150K .......... .......... .......... .......... .......... 14% 29.4M 2s
  2200K .......... .......... .......... .......... .......... 14% 31.3M 2s
  2250K .......... .......... .......... .......... .......... 14% 41.5M 2s
  2300K .......... .......... .......... .......... .......... 15% 29.8M 2s
  2350K .......... .......... .......... .......... .......... 15% 29.1M 2s
  2400K .......... .......... .......... .......... .......... 15% 44.9M 2s
  2450K .......... .......... .......... .......... .......... 16% 30.1M 2s
  2500K .......... .......... .......... .......... .......... 16% 42.7M 2s
  2550K .......... .......... .......... .......... .......... 16% 20.1M 2s
  2600K .......... .......... .......... .......... .......... 16% 91.0M 2s
  2650K .......... .......... .......... .......... .......... 17% 32.8M 2s
  2700K .......... .......... .......... .......... .......... 17% 47.3M 2s
  2750K .......... .......... .......... .......... .......... 17% 81.8M 2s
  2800K .......... .......... .......... .......... .......... 18%  108M 2s
  2850K .......... .......... .......... .......... .......... 18% 17.2M 2s
  2900K .......... .......... .......... .......... .......... 18%  109M 2s
  2950K .......... .......... .......... .......... .......... 19% 17.6M 2s
  3000K .......... .......... .......... .......... .......... 19% 97.7M 2s
  3050K .......... .......... .......... .......... .......... 19% 62.7M 2s
  3100K .......... .......... .......... .......... .......... 20% 47.0M 2s
  3150K .......... .......... .......... .......... .......... 20% 46.1M 2s
  3200K .......... .......... .......... .......... .......... 20% 97.5M 2s
  3250K .......... .......... .......... .......... .......... 21% 58.0M 1s
  3300K .......... .......... .......... .......... .......... 21% 46.1M 1s
  3350K .......... .......... .......... .......... .......... 21% 32.6M 1s
  3400K .......... .......... .......... .......... .......... 22% 47.2M 1s
  3450K .......... .......... .......... .......... .......... 22% 23.8M 1s
  3500K .......... .......... .......... .......... .......... 22% 64.8M 1s
  3550K .......... .......... .......... .......... .......... 23% 81.4M 1s
  3600K .......... .......... .......... .......... .......... 23%  108M 1s
  3650K .......... .......... .......... .......... .......... 23% 24.5M 1s
  3700K .......... .......... .......... .......... .......... 24% 53.2M 1s
  3750K .......... .......... .......... .......... .......... 24% 48.0M 1s
  3800K .......... .......... .......... .......... .......... 24% 31.4M 1s
  3850K .......... .......... .......... .......... .......... 24%  109M 1s
  3900K .......... .......... .......... .......... .......... 25% 17.3M 1s
  3950K .......... .......... .......... .......... .......... 25% 56.7M 1s
  4000K .......... .......... .......... .......... .......... 25% 78.9M 1s
  4050K .......... .......... .......... .......... .......... 26% 22.5M 1s
  4100K .......... .......... .......... .......... .......... 26% 58.6M 1s
  4150K .......... .......... .......... .......... .......... 26% 57.0M 1s
  4200K .......... .......... .......... .......... .......... 27% 98.0M 1s
  4250K .......... .......... .......... .......... .......... 27% 58.6M 1s
  4300K .......... .......... .......... .......... .......... 27% 56.3M 1s
  4350K .......... .......... .......... .......... .......... 28% 52.6M 1s
  4400K .......... .......... .......... .......... .......... 28%  107M 1s
  4450K .......... .......... .......... .......... .......... 28% 55.6M 1s
  4500K .......... .......... .......... .......... .......... 29% 40.9M 1s
  4550K .......... .......... .......... .......... .......... 29% 66.5M 1s
  4600K .......... .......... .......... .......... .......... 29% 57.0M 1s
  4650K .......... .......... .......... .......... .......... 30%  110M 1s
  4700K .......... .......... .......... .......... .......... 30% 60.9M 1s
  4750K .......... .......... .......... .......... .......... 30% 58.5M 1s
  4800K .......... .......... .......... .......... .......... 31% 60.3M 1s
  4850K .......... .......... .......... .......... .......... 31% 64.2M 1s
  4900K .......... .......... .......... .......... .......... 31% 97.5M 1s
  4950K .......... .......... .......... .......... .......... 32% 62.4M 1s
  5000K .......... .......... .......... .......... .......... 32% 62.0M 1s
  5050K .......... .......... .......... .......... .......... 32% 57.8M 1s
  5100K .......... .......... .......... .......... .......... 32% 77.0M 1s
  5150K .......... .......... .......... .......... .......... 33% 23.6M 1s
  5200K .......... .......... .......... .......... .......... 33% 22.9M 1s
  5250K .......... .......... .......... .......... .......... 33%  158M 1s
  5300K .......... .......... .......... .......... .......... 34% 25.8M 1s
  5350K .......... .......... .......... .......... .......... 34% 25.5M 1s
  5400K .......... .......... .......... .......... .......... 34% 82.0M 1s
  5450K .......... .......... .......... .......... .......... 35% 26.7M 1s
  5500K .......... .......... .......... .......... .......... 35% 25.8M 1s
  5550K .......... .......... .......... .......... .......... 35% 92.6M 1s
  5600K .......... .......... .......... .......... .......... 36% 28.7M 1s
  5650K .......... .......... .......... .......... .......... 36% 25.1M 1s
  5700K .......... .......... .......... .......... .......... 36%  854K 1s
  5750K .......... .......... .......... .......... .......... 37% 78.3M 1s
  5800K .......... .......... .......... .......... .......... 37%  449M 1s
  5850K .......... .......... .......... .......... .......... 37% 34.9M 1s
  5900K .......... .......... .......... .......... .......... 38% 93.7M 1s
  5950K .......... .......... .......... .......... .......... 38% 25.2M 1s
  6000K .......... .......... .......... .......... .......... 38% 97.8M 1s
  6050K .......... .......... .......... .......... .......... 39%  445M 1s
  6100K .......... .......... .......... .......... .......... 39% 36.2M 1s
  6150K .......... .......... .......... .......... .......... 39%  150M 1s
  6200K .......... .......... .......... .......... .......... 40%  432M 1s
  6250K .......... .......... .......... .......... .......... 40% 29.5M 1s
  6300K .......... .......... .......... .......... .......... 40% 97.3M 1s
  6350K .......... .......... .......... .......... .......... 41% 31.5M 1s
  6400K .......... .......... .......... .......... .......... 41%  440M 1s
  6450K .......... .......... .......... .......... .......... 41%  460M 1s
  6500K .......... .......... .......... .......... .......... 41%  419M 1s
  6550K .......... .......... .......... .......... .......... 42%  372M 1s
  6600K .......... .......... .......... .......... .......... 42%  433M 1s
  6650K .......... .......... .......... .......... .......... 42% 30.8M 1s
  6700K .......... .......... .......... .......... .......... 43%  432M 1s
  6750K .......... .......... .......... .......... .......... 43%  147M 1s
  6800K .......... .......... .......... .......... .......... 43%  410M 1s
  6850K .......... .......... .......... .......... .......... 44%  457M 1s
  6900K .......... .......... .......... .......... .......... 44%  444M 1s
  6950K .......... .......... .......... .......... .......... 44%  374M 1s
  7000K .......... .......... .......... .......... .......... 45%  451M 1s
  7050K .......... .......... .......... .......... .......... 45%  451M 1s
  7100K .......... .......... .......... .......... .......... 45% 44.2M 1s
  7150K .......... .......... .......... .......... .......... 46%  438M 1s
  7200K .......... .......... .......... .......... .......... 46%  370M 1s
  7250K .......... .......... .......... .......... .......... 46%  444M 1s
  7300K .......... .......... .......... .......... .......... 47%  454M 1s
  7350K .......... .......... .......... .......... .......... 47% 8.16M 1s
  7400K .......... .......... .......... .......... .......... 47% 97.5M 1s
  7450K .......... .......... .......... .......... .......... 48%  189M 1s
  7500K .......... .......... .......... .......... .......... 48%  389M 1s
  7550K .......... .......... .......... .......... .......... 48%  454M 1s
  7600K .......... .......... .......... .......... .......... 49% 10.8M 1s
  7650K .......... .......... .......... .......... .......... 49%  169M 1s
  7700K .......... .......... .......... .......... .......... 49%  162M 1s
  7750K .......... .......... .......... .......... .......... 49% 18.9M 1s
  7800K .......... .......... .......... .......... .......... 50%  130M 1s
  7850K .......... .......... .......... .......... .......... 50%  160M 1s
  7900K .......... .......... .......... .......... .......... 50%  448M 1s
  7950K .......... .......... .......... .......... .......... 51%  191M 1s
  8000K .......... .......... .......... .......... .......... 51%  140M 1s
  8050K .......... .......... .......... .......... .......... 51%  459M 1s
  8100K .......... .......... .......... .......... .......... 52% 24.2M 0s
  8150K .......... .......... .......... .......... .......... 52%  454M 0s
  8200K .......... .......... .......... .......... .......... 52%  371M 0s
  8250K .......... .......... .......... .......... .......... 53%  466M 0s
  8300K .......... .......... .......... .......... .......... 53%  456M 0s
  8350K .......... .......... .......... .......... .......... 53% 7.89M 0s
  8400K .......... .......... .......... .......... .......... 54% 97.7M 0s
  8450K .......... .......... .......... .......... .......... 54%  407M 0s
  8500K .......... .......... .......... .......... .......... 54%  385M 0s
  8550K .......... .......... .......... .......... .......... 55%  441M 0s
  8600K .......... .......... .......... .......... .......... 55%  459M 0s
  8650K .......... .......... .......... .......... .......... 55%  458M 0s
  8700K .......... .......... .......... .......... .......... 56%  369M 0s
  8750K .......... .......... .......... .......... .......... 56%  462M 0s
  8800K .......... .......... .......... .......... .......... 56% 2.15M 0s
  8850K .......... .......... .......... .......... .......... 57%  101M 0s
  8900K .......... .......... .......... .......... .......... 57%  122M 0s
  8950K .......... .......... .......... .......... .......... 57%  109M 0s
  9000K .......... .......... .......... .......... .......... 57%  109M 0s
  9050K .......... .......... .......... .......... .......... 58% 8.94M 0s
  9100K .......... .......... .......... .......... .......... 58%  101M 0s
  9150K .......... .......... .......... .......... .......... 58%  122M 0s
  9200K .......... .......... .......... .......... .......... 59% 98.0M 0s
  9250K .......... .......... .......... .......... .......... 59% 98.4M 0s
  9300K .......... .......... .......... .......... .......... 59% 33.9M 0s
  9350K .......... .......... .......... .......... .......... 60% 86.8M 0s
  9400K .......... .......... .......... .......... .......... 60% 83.1M 0s
  9450K .......... .......... .......... .......... .......... 60%  169M 0s
  9500K .......... .......... .......... .......... .......... 61%  101M 0s
  9550K .......... .......... .......... .......... .......... 61% 97.9M 0s
  9600K .......... .......... .......... .......... .......... 61%  102M 0s
  9650K .......... .......... .......... .......... .......... 62%  162M 0s
  9700K .......... .......... .......... .......... .......... 62%  854K 0s
  9750K .......... .......... .......... .......... .......... 62% 24.1M 0s
  9800K .......... .......... .......... .......... .......... 63%  325M 0s
  9850K .......... .......... .......... .......... .......... 63%  456M 0s
  9900K .......... .......... .......... .......... .......... 63%  450M 0s
  9950K .......... .......... .......... .......... .......... 64%  420M 0s
 10000K .......... .......... .......... .......... .......... 64%  383M 0s
 10050K .......... .......... .......... .......... .......... 64%  446M 0s
 10100K .......... .......... .......... .......... .......... 65%  459M 0s
 10150K .......... .......... .......... .......... .......... 65%  445M 0s
 10200K .......... .......... .......... .......... .......... 65%  365M 0s
 10250K .......... .......... .......... .......... .......... 65%  447M 0s
 10300K .......... .......... .......... .......... .......... 66%  451M 0s
 10350K .......... .......... .......... .......... .......... 66%  453M 0s
 10400K .......... .......... .......... .......... .......... 66%  373M 0s
 10450K .......... .......... .......... .......... .......... 67%  445M 0s
 10500K .......... .......... .......... .......... .......... 67% 15.7M 0s
 10550K .......... .......... .......... .......... .......... 67%  145M 0s
 10600K .......... .......... .......... .......... .......... 68%  395M 0s
 10650K .......... .......... .......... .......... .......... 68% 15.1M 0s
 10700K .......... .......... .......... .......... .......... 68%  109M 0s
 10750K .......... .......... .......... .......... .......... 69%  221M 0s
 10800K .......... .......... .......... .......... .......... 69% 20.7M 0s
 10850K .......... .......... .......... .......... .......... 69%  104M 0s
 10900K .......... .......... .......... .......... .......... 70%  423M 0s
 10950K .......... .......... .......... .......... .......... 70%  420M 0s
 11000K .......... .......... .......... .......... .......... 70% 88.8M 0s
 11050K .......... .......... .......... .......... .......... 71%  199M 0s
 11100K .......... .......... .......... .......... .......... 71%  457M 0s
 11150K .......... .......... .......... .......... .......... 71% 8.41M 0s
 11200K .......... .......... .......... .......... .......... 72% 79.1M 0s
 11250K .......... .......... .......... .......... .......... 72%  180M 0s
 11300K .......... .......... .......... .......... .......... 72%  145M 0s
 11350K .......... .......... .......... .......... .......... 73%  463M 0s
 11400K .......... .......... .......... .......... .......... 73%  423M 0s
 11450K .......... .......... .......... .......... .......... 73%  389M 0s
 11500K .......... .......... .......... .......... .......... 73%  448M 0s
 11550K .......... .......... .......... .......... .......... 74%  457M 0s
 11600K .......... .......... .......... .......... .......... 74% 34.6M 0s
 11650K .......... .......... .......... .......... .......... 74%  442M 0s
 11700K .......... .......... .......... .......... .......... 75%  382M 0s
 11750K .......... .......... .......... .......... .......... 75%  455M 0s
 11800K .......... .......... .......... .......... .......... 75%  455M 0s
 11850K .......... .......... .......... .......... .......... 76%  453M 0s
 11900K .......... .......... .......... .......... .......... 76%  372M 0s
 11950K .......... .......... .......... .......... .......... 76%  466M 0s
 12000K .......... .......... .......... .......... .......... 77%  459M 0s
 12050K .......... .......... .......... .......... .......... 77%  456M 0s
 12100K .......... .......... .......... .......... .......... 77%  398M 0s
 12150K .......... .......... .......... .......... .......... 78%  424M 0s
 12200K .......... .......... .......... .......... .......... 78%  462M 0s
 12250K .......... .......... .......... .......... .......... 78%  456M 0s
 12300K .......... .......... .......... .......... .......... 79%  394M 0s
 12350K .......... .......... .......... .......... .......... 79%  454M 0s
 12400K .......... .......... .......... .......... .......... 79%  420M 0s
 12450K .......... .......... .......... .......... .......... 80%  458M 0s
 12500K .......... .......... .......... .......... .......... 80%  393M 0s
 12550K .......... .......... .......... .......... .......... 80% 2.14M 0s
 12600K .......... .......... .......... .......... .......... 81% 88.9M 0s
 12650K .......... .......... .......... .......... .......... 81%  122M 0s
 12700K .......... .......... .......... .......... .......... 81%  179M 0s
 12750K .......... .......... .......... .......... .......... 82% 4.58M 0s
 12800K .......... .......... .......... .......... .......... 82%  109M 0s
 12850K .......... .......... .......... .......... .......... 82% 15.3M 0s
 12900K .......... .......... .......... .......... .......... 82%  109M 0s
 12950K .......... .......... .......... .......... .......... 83%  109M 0s
 13000K .......... .......... .......... .......... .......... 83%  109M 0s
 13050K .......... .......... .......... .......... .......... 83% 97.3M 0s
 13100K .......... .......... .......... .......... .......... 84% 1008K 0s
 13150K .......... .......... .......... .......... .......... 84% 22.9M 0s
 13200K .......... .......... .......... .......... .......... 84%  396M 0s
 13250K .......... .......... .......... .......... .......... 85%  460M 0s
 13300K .......... .......... .......... .......... .......... 85%  451M 0s
 13350K .......... .......... .......... .......... .......... 85%  450M 0s
 13400K .......... .......... .......... .......... .......... 86%  369M 0s
 13450K .......... .......... .......... .......... .......... 86%  470M 0s
 13500K .......... .......... .......... .......... .......... 86%  448M 0s
 13550K .......... .......... .......... .......... .......... 87%  457M 0s
 13600K .......... .......... .......... .......... .......... 87%  391M 0s
 13650K .......... .......... .......... .......... .......... 87%  417M 0s
 13700K .......... .......... .......... .......... .......... 88% 5.24M 0s
 13750K .......... .......... .......... .......... .......... 88%  434M 0s
 13800K .......... .......... .......... .......... .......... 88%  450M 0s
 13850K .......... .......... .......... .......... .......... 89%  389M 0s
 13900K .......... .......... .......... .......... .......... 89%  421M 0s
 13950K .......... .......... .......... .......... .......... 89%  459M 0s
 14000K .......... .......... .......... .......... .......... 90%  457M 0s
 14050K .......... .......... .......... .......... .......... 90%  391M 0s
 14100K .......... .......... .......... .......... .......... 90%  444M 0s
 14150K .......... .......... .......... .......... .......... 90%  419M 0s
 14200K .......... .......... .......... .......... .......... 91%  458M 0s
 14250K .......... .......... .......... .......... .......... 91% 2.16M 0s
 14300K .......... .......... .......... .......... .......... 91%  461M 0s
 14350K .......... .......... .......... .......... .......... 92%  462M 0s
 14400K .......... .......... .......... .......... .......... 92%  371M 0s
 14450K .......... .......... .......... .......... .......... 92%  455M 0s
 14500K .......... .......... .......... .......... .......... 93% 7.34M 0s
 14550K .......... .......... .......... .......... .......... 93%  427M 0s
 14600K .......... .......... .......... .......... .......... 93%  373M 0s
 14650K .......... .......... .......... .......... .......... 94%  448M 0s
 14700K .......... .......... .......... .......... .......... 94%  458M 0s
 14750K .......... .......... .......... .......... .......... 94%  449M 0s
 14800K .......... .......... .......... .......... .......... 95%  388M 0s
 14850K .......... .......... .......... .......... .......... 95% 17.2M 0s
 14900K .......... .......... .......... .......... .......... 95%  446M 0s
 14950K .......... .......... .......... .......... .......... 96%  403M 0s
 15000K .......... .......... .......... .......... .......... 96%  457M 0s
 15050K .......... .......... .......... .......... .......... 96%  453M 0s
 15100K .......... .......... .......... .......... .......... 97%  436M 0s
 15150K .......... .......... .......... .......... .......... 97% 21.7M 0s
 15200K .......... .......... .......... .......... .......... 97%  391M 0s
 15250K .......... .......... .......... .......... .......... 98%  459M 0s
 15300K .......... .......... .......... .......... .......... 98%  453M 0s
 15350K .......... .......... .......... .......... .......... 98%  412M 0s
 15400K .......... .......... .......... .......... .......... 98%  384M 0s
 15450K .......... .......... .......... .......... .......... 99%  423M 0s
 15500K .......... .......... .......... .......... .......... 99%  437M 0s
 15550K .......... .......... .......... .......... .......... 99%  454M 0s
 15600K .........                                             100%  337M=0.8s

2022-03-25 10:51:13 (18.7 MB/s) - ‘/var/cache/distfiles/vim-8.2.4328.tar.gz.__download__’ saved [15983756/15983756]

 * vim-8.2.4328.tar.gz BLAKE2B SHA512 size ;-) ...                       [ ok ]
>>> Downloading 'http://distfiles.gentoo.org/distfiles/5d/vim-8.2.0360-gentoo-patches.tar.xz'
--2022-03-25 10:51:13--  http://distfiles.gentoo.org/distfiles/5d/vim-8.2.0360-gentoo-patches.tar.xz
Resolving distfiles.gentoo.org... 156.146.36.23, 89.187.177.17, 2a02:6ea0:c400::12, ...
Connecting to distfiles.gentoo.org|156.146.36.23|:80... connected.
HTTP request sent, awaiting response... 200 OK
Length: 2612 (2.6K) [application/x-xz]
Saving to: ‘/var/cache/distfiles/vim-8.2.0360-gentoo-patches.tar.xz.__download__’

     0K ..                                                    100% 6.92M=0s

2022-03-25 10:51:13 (6.92 MB/s) - ‘/var/cache/distfiles/vim-8.2.0360-gentoo-patches.tar.xz.__download__’ saved [2612/2612]

 * vim-8.2.0360-gentoo-patches.tar.xz BLAKE2B SHA512 size ;-) ...        [ ok ]
 * vim-8.2.4328.tar.gz size ;-) ...                                      [ ok ]
 * vim-8.2.0360-gentoo-patches.tar.xz size ;-) ...                       [ ok ]
>>> Downloading 'http://distfiles.gentoo.org/distfiles/b8/gentoo-syntax-20211208.tar.bz2'
--2022-03-25 10:51:13--  http://distfiles.gentoo.org/distfiles/b8/gentoo-syntax-20211208.tar.bz2
Resolving distfiles.gentoo.org... 156.146.36.23, 89.187.177.17, 2a02:6ea0:c400::11, ...
Connecting to distfiles.gentoo.org|156.146.36.23|:80... connected.
HTTP request sent, awaiting response... 200 OK
Length: 18844 (18K) [application/x-bzip2]
Saving to: ‘/var/cache/distfiles/gentoo-syntax-20211208.tar.bz2.__download__’

     0K .......... ........                                   100%  379K=0.05s

2022-03-25 10:51:15 (379 KB/s) - ‘/var/cache/distfiles/gentoo-syntax-20211208.tar.bz2.__download__’ saved [18844/18844]

 * gentoo-syntax-20211208.tar.bz2 BLAKE2B SHA512 size ;-) ...            [ ok ]
