>>> Messages generated by process 253517 on 2022-03-25 10:28:00 -00 for package dev-libs/libpcre2-10.39-r1:

ERROR: unpack
Fetch failed for 'dev-libs/libpcre2-10.39-r1', Log file:
 '/var/tmp/portage/dev-libs/libpcre2-10.39-r1/temp/build.log'

>>> Messages generated by process 253517 on 2022-03-25 10:28:02 -00 for package dev-libs/libpcre-8.45-r1:

ERROR: unpack
Fetch failed for 'dev-libs/libpcre-8.45-r1', Log file:
 '/var/tmp/portage/dev-libs/libpcre-8.45-r1/temp/build.log'

>>> Messages generated by process 253517 on 2022-03-25 10:28:08 -00 for package sys-libs/libxcrypt-4.4.27:

ERROR: unpack
Fetch failed for 'sys-libs/libxcrypt-4.4.27', Log file:
 '/var/tmp/portage/sys-libs/libxcrypt-4.4.27/temp/build.log'

>>> Messages generated by process 253517 on 2022-03-25 10:28:10 -00 for package dev-libs/openssl-1.1.1n:

ERROR: unpack
Fetch failed for 'dev-libs/openssl-1.1.1n', Log file:
 '/var/tmp/portage/dev-libs/openssl-1.1.1n/temp/build.log'

>>> Messages generated by process 253517 on 2022-03-25 10:28:11 -00 for package sys-apps/systemd-tmpfiles-249.9:

ERROR: pretend
The ebuild phase 'pretend' has exited unexpectedly. This type of
behavior is known to be triggered by things such as failed variable
assignments (bug #190128) or bad substitution errors (bug #200313).
Normally, before exiting, bash should have displayed an error message
above. If bash did not produce an error message above, it's possible
that the ebuild has called `exit` when it should have called `die`
instead. This behavior may also be triggered by a corrupt bash binary or
a hardware problem such as memory or cpu malfunction. If the problem is
not reproducible or it appears to occur randomly, then it is likely to
be triggered by a hardware problem. If you suspect a hardware problem
then you should try some basic hardware diagnostics such as memtest.
Please do not report this as a bug unless it is consistently
reproducible and you are sure that your bash binary and hardware are
functioning properly.

>>> Messages generated by process 258765 on 2022-03-25 10:28:54 -00 for package dev-libs/libpcre2-10.39-r1:

ERROR: unpack
Fetch failed for 'dev-libs/libpcre2-10.39-r1', Log file:
 '/var/tmp/portage/dev-libs/libpcre2-10.39-r1/temp/build.log'

>>> Messages generated by process 258765 on 2022-03-25 10:28:56 -00 for package sys-apps/systemd-tmpfiles-249.9:

ERROR: pretend
The ebuild phase 'pretend' has exited unexpectedly. This type of
behavior is known to be triggered by things such as failed variable
assignments (bug #190128) or bad substitution errors (bug #200313).
Normally, before exiting, bash should have displayed an error message
above. If bash did not produce an error message above, it's possible
that the ebuild has called `exit` when it should have called `die`
instead. This behavior may also be triggered by a corrupt bash binary or
a hardware problem such as memory or cpu malfunction. If the problem is
not reproducible or it appears to occur randomly, then it is likely to
be triggered by a hardware problem. If you suspect a hardware problem
then you should try some basic hardware diagnostics such as memtest.
Please do not report this as a bug unless it is consistently
reproducible and you are sure that your bash binary and hardware are
functioning properly.

>>> Messages generated by process 261588 on 2022-03-25 10:30:00 -00 for package dev-libs/libpcre2-10.39-r1:

ERROR: configure
ERROR: dev-libs/libpcre2-10.39-r1::gentoo failed (configure phase):
  econf failed

Call stack:
              ebuild.sh, line  127:  Called src_configure
            environment, line 1599:  Called multilib-minimal_src_configure
            environment, line 1047:  Called multilib_foreach_abi 'multilib-minimal_abi_src_configure'
            environment, line 1297:  Called multibuild_foreach_variant '_multilib_multibuild_wrapper' 'multilib-minimal_abi_src_configure'
            environment, line 1002:  Called _multibuild_run '_multilib_multibuild_wrapper' 'multilib-minimal_abi_src_configure'
            environment, line 1000:  Called _multilib_multibuild_wrapper 'multilib-minimal_abi_src_configure'
            environment, line  386:  Called multilib-minimal_abi_src_configure
            environment, line 1041:  Called multilib_src_configure
            environment, line 1514:  Called econf '--enable-pcre2-8' '--enable-shared' '--enable-pcre2grep-libbz2' '--disable-pcre2test-libedit' '--enable-pcre2test-libreadline' '--enable-pcre2grep-libz' '--enable-jit' '--enable-pcre2grep-jit' '--enable-pcre2-16' '--disable-pcre2-32' '--disable-static' '--enable-unicode'
       phase-helpers.sh, line  711:  Called __helpers_die 'econf failed'
  isolated-functions.sh, line  112:  Called die
The specific snippet of code:
  		die "$@"

If you need support, post the output of `emerge --info '=dev-libs/libpcre2-10.39-r1::gentoo'`,
the complete build log and the output of `emerge -pqv '=dev-libs/libpcre2-10.39-r1::gentoo'`.
The complete build log is located at '/var/tmp/portage/dev-libs/libpcre2-10.39-r1/temp/build.log'.
The ebuild environment file is located at '/var/tmp/portage/dev-libs/libpcre2-10.39-r1/temp/environment'.
Working directory: '/var/tmp/portage/dev-libs/libpcre2-10.39-r1/work/pcre2-10.39-abi_x86_64.amd64'
S: '/var/tmp/portage/dev-libs/libpcre2-10.39-r1/work/pcre2-10.39'

>>> Messages generated by process 261588 on 2022-03-25 10:30:06 -00 for package dev-libs/libpcre-8.45-r1:

ERROR: configure
ERROR: dev-libs/libpcre-8.45-r1::gentoo failed (configure phase):
  econf failed

Call stack:
              ebuild.sh, line  127:  Called src_configure
            environment, line 1635:  Called multilib-minimal_src_configure
            environment, line 1032:  Called multilib_foreach_abi 'multilib-minimal_abi_src_configure'
            environment, line 1282:  Called multibuild_foreach_variant '_multilib_multibuild_wrapper' 'multilib-minimal_abi_src_configure'
            environment, line  987:  Called _multibuild_run '_multilib_multibuild_wrapper' 'multilib-minimal_abi_src_configure'
            environment, line  985:  Called _multilib_multibuild_wrapper 'multilib-minimal_abi_src_configure'
            environment, line  371:  Called multilib-minimal_abi_src_configure
            environment, line 1026:  Called multilib_src_configure
            environment, line 1499:  Called econf '--enable-pcregrep-libbz2' '--enable-cpp' '--enable-jit' '--enable-pcregrep-jit' '--disable-pcre16' '--disable-pcre32' '--disable-pcretest-libedit' '--enable-pcretest-libreadline' '--disable-static' '--enable-utf' '--enable-unicode-properties' '--enable-pcregrep-libz' '--enable-pcre8' '--enable-shared'
       phase-helpers.sh, line  711:  Called __helpers_die 'econf failed'
  isolated-functions.sh, line  112:  Called die
The specific snippet of code:
  		die "$@"

If you need support, post the output of `emerge --info '=dev-libs/libpcre-8.45-r1::gentoo'`,
the complete build log and the output of `emerge -pqv '=dev-libs/libpcre-8.45-r1::gentoo'`.
The complete build log is located at '/var/tmp/portage/dev-libs/libpcre-8.45-r1/temp/build.log'.
The ebuild environment file is located at '/var/tmp/portage/dev-libs/libpcre-8.45-r1/temp/environment'.
Working directory: '/var/tmp/portage/dev-libs/libpcre-8.45-r1/work/pcre-8.45-abi_x86_64.amd64'
S: '/var/tmp/portage/dev-libs/libpcre-8.45-r1/work/pcre-8.45'

>>> Messages generated by process 261588 on 2022-03-25 10:30:14 -00 for package sys-libs/libxcrypt-4.4.27:

ERROR: configure
ERROR: sys-libs/libxcrypt-4.4.27::gentoo failed (configure phase):
  econf failed

Call stack:
              ebuild.sh, line  127:  Called src_configure
            environment, line 2609:  Called multibuild_foreach_variant 'multilib-minimal_src_configure'
            environment, line 1526:  Called _multibuild_run 'multilib-minimal_src_configure'
            environment, line 1524:  Called multilib-minimal_src_configure
            environment, line 1571:  Called multilib_foreach_abi 'multilib-minimal_abi_src_configure'
            environment, line 1821:  Called multibuild_foreach_variant '_multilib_multibuild_wrapper' 'multilib-minimal_abi_src_configure'
            environment, line 1526:  Called _multibuild_run '_multilib_multibuild_wrapper' 'multilib-minimal_abi_src_configure'
            environment, line 1524:  Called _multilib_multibuild_wrapper 'multilib-minimal_abi_src_configure'
            environment, line  392:  Called multilib-minimal_abi_src_configure
            environment, line 1565:  Called multilib_src_configure
            environment, line 2045:  Called econf '--disable-werror' '--libdir=/lib64/' '--with-pkgconfigdir=/usr/lib64/pkgconfig' '--includedir=/usr/include/' '--disable-static' '--disable-xcrypt-compat-files' '--enable-obsolete-api=yes'
       phase-helpers.sh, line  711:  Called __helpers_die 'econf failed'
  isolated-functions.sh, line  112:  Called die
The specific snippet of code:
  		die "$@"

If you need support, post the output of `emerge --info '=sys-libs/libxcrypt-4.4.27::gentoo'`,
the complete build log and the output of `emerge -pqv '=sys-libs/libxcrypt-4.4.27::gentoo'`.
The complete build log is located at '/var/tmp/portage/sys-libs/libxcrypt-4.4.27/temp/build.log'.
The ebuild environment file is located at '/var/tmp/portage/sys-libs/libxcrypt-4.4.27/temp/environment'.
Working directory: '/var/tmp/portage/sys-libs/libxcrypt-4.4.27/work/libxcrypt-4.4.27-xcrypt_compat-abi_x86_64.amd64'
S: '/var/tmp/portage/sys-libs/libxcrypt-4.4.27/work/libxcrypt-4.4.27'

>>> Messages generated by process 261588 on 2022-03-25 10:30:19 -00 for package dev-libs/openssl-1.1.1n:

ERROR: compile
ERROR: dev-libs/openssl-1.1.1n::gentoo failed (compile phase):
  emake failed

If you need support, post the output of `emerge --info '=dev-libs/openssl-1.1.1n::gentoo'`,
the complete build log and the output of `emerge -pqv '=dev-libs/openssl-1.1.1n::gentoo'`.
The complete build log is located at '/var/tmp/portage/dev-libs/openssl-1.1.1n/temp/build.log'.
The ebuild environment file is located at '/var/tmp/portage/dev-libs/openssl-1.1.1n/temp/environment'.
Working directory: '/var/tmp/portage/dev-libs/openssl-1.1.1n/work/openssl-1.1.1n-abi_x86_64.amd64'
S: '/var/tmp/portage/dev-libs/openssl-1.1.1n/work/openssl-1.1.1n'

>>> Messages generated by process 261588 on 2022-03-25 10:30:32 -00 for package sys-libs/pam-1.5.1_p20210622-r1:

ERROR: configure
ERROR: sys-libs/pam-1.5.1_p20210622-r1::gentoo failed (configure phase):
  econf failed

Call stack:
              ebuild.sh, line  127:  Called src_configure
            environment, line 2248:  Called multilib-minimal_src_configure
            environment, line 1667:  Called multilib_foreach_abi 'multilib-minimal_abi_src_configure'
            environment, line 1917:  Called multibuild_foreach_variant '_multilib_multibuild_wrapper' 'multilib-minimal_abi_src_configure'
            environment, line 1622:  Called _multibuild_run '_multilib_multibuild_wrapper' 'multilib-minimal_abi_src_configure'
            environment, line 1620:  Called _multilib_multibuild_wrapper 'multilib-minimal_abi_src_configure'
            environment, line  482:  Called multilib-minimal_abi_src_configure
            environment, line 1661:  Called multilib_src_configure
            environment, line 2135:  Called econf 'CC_FOR_BUILD=x86_64-pc-linux-gnu-gcc' '--with-db-uniquename=-' '--with-xml-catalog=/etc/xml/catalog' '--enable-securedir=/lib64/security' '--includedir=/usr/include/security' '--libdir=/usr/lib64' '--enable-pie' '--enable-unix' '--disable-prelude' '--disable-doc' '--disable-regenerate-docu' '--disable-static' '--disable-Werror' '--disable-audit' '--disable-db' '--disable-debug' '--disable-nis' '--disable-selinux' '--enable-isadir=.'
       phase-helpers.sh, line  711:  Called __helpers_die 'econf failed'
  isolated-functions.sh, line  112:  Called die
The specific snippet of code:
  		die "$@"

If you need support, post the output of `emerge --info '=sys-libs/pam-1.5.1_p20210622-r1::gentoo'`,
the complete build log and the output of `emerge -pqv '=sys-libs/pam-1.5.1_p20210622-r1::gentoo'`.
The complete build log is located at '/var/tmp/portage/sys-libs/pam-1.5.1_p20210622-r1/temp/build.log'.
The ebuild environment file is located at '/var/tmp/portage/sys-libs/pam-1.5.1_p20210622-r1/temp/environment'.
Working directory: '/var/tmp/portage/sys-libs/pam-1.5.1_p20210622-r1/work/linux-pam-fe1307512fb8892b5ceb3d884c793af8dbd4c16a-abi_x86_64.amd64'
S: '/var/tmp/portage/sys-libs/pam-1.5.1_p20210622-r1/work/linux-pam-fe1307512fb8892b5ceb3d884c793af8dbd4c16a'

>>> Messages generated by process 261588 on 2022-03-25 10:31:42 -00 for package sys-apps/attr-2.5.1:

ERROR: configure
ERROR: sys-apps/attr-2.5.1::gentoo failed (configure phase):
  econf failed

Call stack:
              ebuild.sh, line  127:  Called src_configure
            environment, line 2043:  Called multilib-minimal_src_configure
            environment, line 1374:  Called multilib_foreach_abi 'multilib-minimal_abi_src_configure'
            environment, line 1624:  Called multibuild_foreach_variant '_multilib_multibuild_wrapper' 'multilib-minimal_abi_src_configure'
            environment, line 1329:  Called _multibuild_run '_multilib_multibuild_wrapper' 'multilib-minimal_abi_src_configure'
            environment, line 1327:  Called _multilib_multibuild_wrapper 'multilib-minimal_abi_src_configure'
            environment, line  400:  Called multilib-minimal_abi_src_configure
            environment, line 1368:  Called multilib_src_configure
            environment, line 1837:  Called econf '--bindir=/bin' '--enable-shared' '--disable-static' '--enable-nls' '--libexecdir=/usr/lib64' '--disable-debug'
       phase-helpers.sh, line  711:  Called __helpers_die 'econf failed'
  isolated-functions.sh, line  112:  Called die
The specific snippet of code:
  		die "$@"

If you need support, post the output of `emerge --info '=sys-apps/attr-2.5.1::gentoo'`,
the complete build log and the output of `emerge -pqv '=sys-apps/attr-2.5.1::gentoo'`.
The complete build log is located at '/var/tmp/portage/sys-apps/attr-2.5.1/temp/build.log'.
The ebuild environment file is located at '/var/tmp/portage/sys-apps/attr-2.5.1/temp/environment'.
Working directory: '/var/tmp/portage/sys-apps/attr-2.5.1/work/attr-2.5.1-abi_x86_64.amd64'
S: '/var/tmp/portage/sys-apps/attr-2.5.1/work/attr-2.5.1'

>>> Messages generated by process 261588 on 2022-03-25 10:31:47 -00 for package sys-apps/systemd-tmpfiles-249.9:

ERROR: configure
ERROR: sys-apps/systemd-tmpfiles-249.9::gentoo failed (configure phase):
  (no error message)

Call stack:
    ebuild.sh, line  127:  Called src_configure
  environment, line 2913:  Called meson_src_configure
  environment, line 2114:  Called die
The specific snippet of code:
      "${mesonargs[@]}" ) || die

If you need support, post the output of `emerge --info '=sys-apps/systemd-tmpfiles-249.9::gentoo'`,
the complete build log and the output of `emerge -pqv '=sys-apps/systemd-tmpfiles-249.9::gentoo'`.
The complete build log is located at '/var/tmp/portage/sys-apps/systemd-tmpfiles-249.9/temp/build.log'.
The ebuild environment file is located at '/var/tmp/portage/sys-apps/systemd-tmpfiles-249.9/temp/environment'.
Working directory: '/var/tmp/portage/sys-apps/systemd-tmpfiles-249.9/work/systemd-stable-249.9'
S: '/var/tmp/portage/sys-apps/systemd-tmpfiles-249.9/work/systemd-stable-249.9'

>>> Messages generated by process 261588 on 2022-03-25 10:32:00 -00 for package net-misc/curl-7.79.1-r1:

ERROR: configure
ERROR: net-misc/curl-7.79.1-r1::gentoo failed (configure phase):
  econf failed

Call stack:
              ebuild.sh, line  127:  Called src_configure
            environment, line 2249:  Called multilib-minimal_src_configure
            environment, line 1604:  Called multilib_foreach_abi 'multilib-minimal_abi_src_configure'
            environment, line 1854:  Called multibuild_foreach_variant '_multilib_multibuild_wrapper' 'multilib-minimal_abi_src_configure'
            environment, line 1559:  Called _multibuild_run '_multilib_multibuild_wrapper' 'multilib-minimal_abi_src_configure'
            environment, line 1557:  Called _multilib_multibuild_wrapper 'multilib-minimal_abi_src_configure'
            environment, line  540:  Called multilib-minimal_abi_src_configure
            environment, line 1598:  Called multilib_src_configure
            environment, line 2120:  Called econf '--without-gnutls' '--without-mbedtls' '--without-nss' '--without-polarssl' '--without-ssl' '--without-winssl' '--without-ca-fallback' '--with-ca-bundle=/etc/ssl/certs/ca-certificates.crt' '--with-ssl' '--with-ca-path=/etc/ssl/certs' '--with-default-ssl-backend=openssl' '--disable-alt-svc' '--enable-crypto-auth' '--enable-dict' '--disable-ech' '--enable-file' '--enable-ftp' '--disable-gopher' '--disable-hsts' '--enable-http' '--enable-imap' '--disable-ldap' '--disable-ldaps' '--enable-ntlm' '--disable-ntlm-wb' '--enable-pop3' '--enable-rt' '--enable-rtsp' '--disable-smb' '--without-libssh2' '--enable-smtp' '--disable-telnet' '--enable-tftp' '--enable-tls-srp' '--disable-ares' '--enable-cookies' '--enable-dateparse' '--enable-dnsshuffle' '--enable-doh' '--enable-hidden-symbols' '--enable-http-auth' '--enable-ipv6' '--enable-largefile' '--enable-manual' '--enable-mime' '--enable-netrc' '--enable-progress-meter' '--enable-proxy' '--disable-sspi' '--disable-static' '--disable-threaded-resolver' '--disable-pthreads' '--disable-versioned-symbols' '--without-amissl' '--without-bearssl' '--without-brotli' '--without-cyassl' '--without-fish-functions-dir' '--with-nghttp2' '--without-hyper' '--without-libidn2' '--without-gssapi' '--without-libgsasl' '--without-libpsl' '--without-nghttp3' '--without-ngtcp2' '--without-quiche' '--without-librtmp' '--without-rustls' '--without-schannel' '--without-secure-transport' '--without-spnego' '--without-winidn' '--without-wolfssl' '--with-zlib' '--without-zstd'
       phase-helpers.sh, line  711:  Called __helpers_die 'econf failed'
  isolated-functions.sh, line  112:  Called die
The specific snippet of code:
  		die "$@"

If you need support, post the output of `emerge --info '=net-misc/curl-7.79.1-r1::gentoo'`,
the complete build log and the output of `emerge -pqv '=net-misc/curl-7.79.1-r1::gentoo'`.
The complete build log is located at '/var/tmp/portage/net-misc/curl-7.79.1-r1/temp/build.log'.
The ebuild environment file is located at '/var/tmp/portage/net-misc/curl-7.79.1-r1/temp/environment'.
Working directory: '/var/tmp/portage/net-misc/curl-7.79.1-r1/work/curl-7.79.1-abi_x86_64.amd64'
S: '/var/tmp/portage/net-misc/curl-7.79.1-r1/work/curl-7.79.1'

>>> Messages generated by process 261588 on 2022-03-25 10:32:03 -00 for package app-crypt/gnupg-2.2.34-r1:

ERROR: configure
ERROR: app-crypt/gnupg-2.2.34-r1::gentoo failed (configure phase):
  econf failed

Call stack:
              ebuild.sh, line  127:  Called src_configure
            environment, line 1696:  Called econf '--enable-bzip2' '--enable-nls' '--enable-scdaemon' '--enable-gnutls' '--disable-tofu' '--disable-ccid-driver' '--disable-wks-tools' '--without-ldap' '--with-readline' '--with-mailprog=/usr/libexec/sendmail' '--disable-ntbtls' '--enable-all-tests' '--enable-gpg' '--enable-gpgsm' '--enable-large-secmem' 'CC_FOR_BUILD=x86_64-pc-linux-gnu-gcc' 'GPG_ERROR_CONFIG=/usr/bin/x86_64-pc-linux-gnu-gpg-error-config' 'KSBA_CONFIG=/usr/bin/ksba-config' 'LIBASSUAN_CONFIG=/usr/bin/libassuan-config' 'LIBGCRYPT_CONFIG=/usr/bin/x86_64-pc-linux-gnu-libgcrypt-config' 'NPTH_CONFIG=/usr/bin/npth-config' '--without-libiconv-prefix' '--without-libintl-prefix'
       phase-helpers.sh, line  711:  Called __helpers_die 'econf failed'
  isolated-functions.sh, line  112:  Called die
The specific snippet of code:
  		die "$@"

If you need support, post the output of `emerge --info '=app-crypt/gnupg-2.2.34-r1::gentoo'`,
the complete build log and the output of `emerge -pqv '=app-crypt/gnupg-2.2.34-r1::gentoo'`.
The complete build log is located at '/var/tmp/portage/app-crypt/gnupg-2.2.34-r1/temp/build.log'.
The ebuild environment file is located at '/var/tmp/portage/app-crypt/gnupg-2.2.34-r1/temp/environment'.
Working directory: '/var/tmp/portage/app-crypt/gnupg-2.2.34-r1/work/gnupg-2.2.34'
S: '/var/tmp/portage/app-crypt/gnupg-2.2.34-r1/work/gnupg-2.2.34'

>>> Messages generated by process 261588 on 2022-03-25 10:32:07 -00 for package sys-fs/udev-249.6-r2:

WARN: setup
Unable to find kernel sources at /usr/src/linux
Unable to calculate Linux Kernel version for build, attempting to use running version
ERROR: setup
  CONFIG_FW_LOADER_USER_HELPER:	 should not be set. But it is.
WARN: setup
Please check to make sure these options are set correctly.
Failure to do so may cause unexpected problems.
ERROR: configure
ERROR: sys-fs/udev-249.6-r2::gentoo failed (configure phase):
  (no error message)

Call stack:
    ebuild.sh, line  127:  Called src_configure
  environment, line 4100:  Called multilib-minimal_src_configure
  environment, line 2866:  Called multilib_foreach_abi 'multilib-minimal_abi_src_configure'
  environment, line 3116:  Called multibuild_foreach_variant '_multilib_multibuild_wrapper' 'multilib-minimal_abi_src_configure'
  environment, line 2821:  Called _multibuild_run '_multilib_multibuild_wrapper' 'multilib-minimal_abi_src_configure'
  environment, line 2819:  Called _multilib_multibuild_wrapper 'multilib-minimal_abi_src_configure'
  environment, line  687:  Called multilib-minimal_abi_src_configure
  environment, line 2860:  Called multilib_src_configure
  environment, line 3339:  Called meson_src_configure
  environment, line 2759:  Called die
The specific snippet of code:
      "${mesonargs[@]}" ) || die

If you need support, post the output of `emerge --info '=sys-fs/udev-249.6-r2::gentoo'`,
the complete build log and the output of `emerge -pqv '=sys-fs/udev-249.6-r2::gentoo'`.
The complete build log is located at '/var/tmp/portage/sys-fs/udev-249.6-r2/temp/build.log'.
The ebuild environment file is located at '/var/tmp/portage/sys-fs/udev-249.6-r2/temp/environment'.
Working directory: '/var/tmp/portage/sys-fs/udev-249.6-r2/work/systemd-stable-249.6-abi_x86_64.amd64'
S: '/var/tmp/portage/sys-fs/udev-249.6-r2/work/systemd-stable-249.6'

>>> Messages generated by process 261588 on 2022-03-25 10:32:10 -00 for package sys-apps/openrc-0.44.10:

ERROR: configure
ERROR: sys-apps/openrc-0.44.10::gentoo failed (configure phase):
  (no error message)

Call stack:
    ebuild.sh, line  127:  Called src_configure
  environment, line 2953:  Called meson_src_configure
  environment, line 2140:  Called die
The specific snippet of code:
      "${mesonargs[@]}" ) || die

If you need support, post the output of `emerge --info '=sys-apps/openrc-0.44.10::gentoo'`,
the complete build log and the output of `emerge -pqv '=sys-apps/openrc-0.44.10::gentoo'`.
The complete build log is located at '/var/tmp/portage/sys-apps/openrc-0.44.10/temp/build.log'.
The ebuild environment file is located at '/var/tmp/portage/sys-apps/openrc-0.44.10/temp/environment'.
Working directory: '/var/tmp/portage/sys-apps/openrc-0.44.10/work/openrc-0.44.10'
S: '/var/tmp/portage/sys-apps/openrc-0.44.10/work/openrc-0.44.10'

>>> Messages generated by process 261588 on 2022-03-25 10:32:13 -00 for package net-misc/iputils-20210722-r1:

ERROR: configure
ERROR: net-misc/iputils-20210722-r1::gentoo failed (configure phase):
  (no error message)

Call stack:
    ebuild.sh, line  127:  Called src_configure
  environment, line 2993:  Called meson_src_configure
  environment, line 2221:  Called die
The specific snippet of code:
      "${mesonargs[@]}" ) || die

If you need support, post the output of `emerge --info '=net-misc/iputils-20210722-r1::gentoo'`,
the complete build log and the output of `emerge -pqv '=net-misc/iputils-20210722-r1::gentoo'`.
The complete build log is located at '/var/tmp/portage/net-misc/iputils-20210722-r1/temp/build.log'.
The ebuild environment file is located at '/var/tmp/portage/net-misc/iputils-20210722-r1/temp/environment'.
Working directory: '/var/tmp/portage/net-misc/iputils-20210722-r1/work/iputils-20210722'
S: '/var/tmp/portage/net-misc/iputils-20210722-r1/work/iputils-20210722'

>>> Messages generated by process 261588 on 2022-03-25 10:32:20 -00 for package net-misc/openssh-8.8_p1-r4:

ERROR: configure
ERROR: net-misc/openssh-8.8_p1-r4::gentoo failed (configure phase):
  econf failed

Call stack:
              ebuild.sh, line  127:  Called src_configure
            environment, line 2520:  Called econf '--with-ldflags=-Wl,-O1 -Wl,--as-needed' '--disable-strip' '--with-pid-dir=/run' '--sysconfdir=/etc/ssh' '--libexecdir=/usr/lib64/misc' '--datadir=/usr/share/openssh' '--with-privsep-path=/var/empty' '--with-privsep-user=sshd' '--without-audit' '--without-kerberos5' '--without-ldns' '--without-libedit' '--with-pam' '--with-pie' '--without-selinux' '--without-security-key-builtin' '--with-openssl' '--with-md5-passwords' '--with-ssl-engine' '--with-hardening'
       phase-helpers.sh, line  711:  Called __helpers_die 'econf failed'
  isolated-functions.sh, line  112:  Called die
The specific snippet of code:
  		die "$@"

If you need support, post the output of `emerge --info '=net-misc/openssh-8.8_p1-r4::gentoo'`,
the complete build log and the output of `emerge -pqv '=net-misc/openssh-8.8_p1-r4::gentoo'`.
The complete build log is located at '/var/tmp/portage/net-misc/openssh-8.8_p1-r4/temp/build.log'.
The ebuild environment file is located at '/var/tmp/portage/net-misc/openssh-8.8_p1-r4/temp/environment'.
Working directory: '/var/tmp/portage/net-misc/openssh-8.8_p1-r4/work/openssh-8.8p1'
S: '/var/tmp/portage/net-misc/openssh-8.8_p1-r4/work/openssh-8.8p1'

>>> Messages generated by process 300237 on 2022-03-25 10:33:12 -00 for package sys-kernel/gentoo-kernel-5.15.29:

WARN: pretend
sys-kernel/linux-firmware not found installed on your system.
This package provides various firmware files that may be needed
for your hardware to work.  If in doubt, it is recommended
to pause or abort the build process and install it before
resuming.
LOG: pretend

If you decide to install linux-firmware later, you can rebuild
the initramfs via issuing a command equivalent to:

    emerge --config sys-kernel/gentoo-kernel:5.15.29

>>> Messages generated by process 300237 on 2022-03-25 10:33:15 -00 for package app-arch/cpio-2.12-r1:

ERROR: configure
ERROR: app-arch/cpio-2.12-r1::gentoo failed (configure phase):
  econf failed

Call stack:
              ebuild.sh, line 127:  Called src_configure
            environment, line 476:  Called econf '--enable-nls' '--bindir=/bin' '--with-rmt=/usr/sbin/rmt'
       phase-helpers.sh, line 711:  Called __helpers_die 'econf failed'
  isolated-functions.sh, line 112:  Called die
The specific snippet of code:
  		die "$@"

If you need support, post the output of `emerge --info '=app-arch/cpio-2.12-r1::gentoo'`,
the complete build log and the output of `emerge -pqv '=app-arch/cpio-2.12-r1::gentoo'`.
The complete build log is located at '/var/tmp/portage/app-arch/cpio-2.12-r1/temp/build.log'.
The ebuild environment file is located at '/var/tmp/portage/app-arch/cpio-2.12-r1/temp/environment'.
Working directory: '/var/tmp/portage/app-arch/cpio-2.12-r1/work/cpio-2.12'
S: '/var/tmp/portage/app-arch/cpio-2.12-r1/work/cpio-2.12'

>>> Messages generated by process 303361 on 2022-03-25 10:34:59 -00 for package dev-libs/libpcre2-10.39-r1:

ERROR: configure
ERROR: dev-libs/libpcre2-10.39-r1::gentoo failed (configure phase):
  econf failed

Call stack:
              ebuild.sh, line  127:  Called src_configure
            environment, line 1599:  Called multilib-minimal_src_configure
            environment, line 1047:  Called multilib_foreach_abi 'multilib-minimal_abi_src_configure'
            environment, line 1297:  Called multibuild_foreach_variant '_multilib_multibuild_wrapper' 'multilib-minimal_abi_src_configure'
            environment, line 1002:  Called _multibuild_run '_multilib_multibuild_wrapper' 'multilib-minimal_abi_src_configure'
            environment, line 1000:  Called _multilib_multibuild_wrapper 'multilib-minimal_abi_src_configure'
            environment, line  386:  Called multilib-minimal_abi_src_configure
            environment, line 1041:  Called multilib_src_configure
            environment, line 1514:  Called econf '--enable-pcre2-8' '--enable-shared' '--enable-pcre2grep-libbz2' '--disable-pcre2test-libedit' '--enable-pcre2test-libreadline' '--enable-pcre2grep-libz' '--enable-jit' '--enable-pcre2grep-jit' '--enable-pcre2-16' '--disable-pcre2-32' '--disable-static' '--enable-unicode'
       phase-helpers.sh, line  711:  Called __helpers_die 'econf failed'
  isolated-functions.sh, line  112:  Called die
The specific snippet of code:
  		die "$@"

If you need support, post the output of `emerge --info '=dev-libs/libpcre2-10.39-r1::gentoo'`,
the complete build log and the output of `emerge -pqv '=dev-libs/libpcre2-10.39-r1::gentoo'`.
The complete build log is located at '/var/tmp/portage/dev-libs/libpcre2-10.39-r1/temp/build.log'.
The ebuild environment file is located at '/var/tmp/portage/dev-libs/libpcre2-10.39-r1/temp/environment'.
Working directory: '/var/tmp/portage/dev-libs/libpcre2-10.39-r1/work/pcre2-10.39-abi_x86_64.amd64'
S: '/var/tmp/portage/dev-libs/libpcre2-10.39-r1/work/pcre2-10.39'

>>> Messages generated by process 307659 on 2022-03-25 10:36:02 -00 for package sys-apps/portage-3.0.30-r1:

WARN: pretend
Unable to find kernel sources at /usr/src/linux
Unable to calculate Linux Kernel version for build, attempting to use running version

>>> Messages generated by process 307659 on 2022-03-25 10:36:05 -00 for package sys-apps/portage-3.0.30-r1:

WARN: setup
Unable to find kernel sources at /usr/src/linux
Unable to calculate Linux Kernel version for build, attempting to use running version
ERROR: compile
ERROR: sys-apps/portage-3.0.30-r1::gentoo failed (compile phase):
  (no error message)

Call stack:
    ebuild.sh, line  127:  Called src_compile
  environment, line 3962:  Called distutils-r1_src_compile
  environment, line 1646:  Called _distutils-r1_run_foreach_impl 'distutils-r1_python_compile'
  environment, line  584:  Called python_foreach_impl 'distutils-r1_run_phase' 'distutils-r1_python_compile'
  environment, line 3522:  Called multibuild_foreach_variant '_python_multibuild_wrapper' 'distutils-r1_run_phase' 'distutils-r1_python_compile'
  environment, line 3000:  Called _multibuild_run '_python_multibuild_wrapper' 'distutils-r1_run_phase' 'distutils-r1_python_compile'
  environment, line 2998:  Called _python_multibuild_wrapper 'distutils-r1_run_phase' 'distutils-r1_python_compile'
  environment, line  951:  Called distutils-r1_run_phase 'distutils-r1_python_compile'
  environment, line 1634:  Called distutils-r1_python_compile
  environment, line 1445:  Called esetup.py 'build' '-j' '12'
  environment, line 2201:  Called die
The specific snippet of code:
      "${@}" || die -n;

If you need support, post the output of `emerge --info '=sys-apps/portage-3.0.30-r1::gentoo'`,
the complete build log and the output of `emerge -pqv '=sys-apps/portage-3.0.30-r1::gentoo'`.
The complete build log is located at '/var/tmp/portage/sys-apps/portage-3.0.30-r1/temp/build.log'.
The ebuild environment file is located at '/var/tmp/portage/sys-apps/portage-3.0.30-r1/temp/environment'.
Working directory: '/var/tmp/portage/sys-apps/portage-3.0.30-r1/work/portage-3.0.30'
S: '/var/tmp/portage/sys-apps/portage-3.0.30-r1/work/portage-3.0.30'

>>> Messages generated by process 312449 on 2022-03-25 10:38:32 -00 for package dev-libs/libpcre-8.45-r1:

ERROR: configure
ERROR: dev-libs/libpcre-8.45-r1::gentoo failed (configure phase):
  econf failed

Call stack:
              ebuild.sh, line  127:  Called src_configure
            environment, line 1635:  Called multilib-minimal_src_configure
            environment, line 1032:  Called multilib_foreach_abi 'multilib-minimal_abi_src_configure'
            environment, line 1282:  Called multibuild_foreach_variant '_multilib_multibuild_wrapper' 'multilib-minimal_abi_src_configure'
            environment, line  987:  Called _multibuild_run '_multilib_multibuild_wrapper' 'multilib-minimal_abi_src_configure'
            environment, line  985:  Called _multilib_multibuild_wrapper 'multilib-minimal_abi_src_configure'
            environment, line  371:  Called multilib-minimal_abi_src_configure
            environment, line 1026:  Called multilib_src_configure
            environment, line 1499:  Called econf '--enable-pcregrep-libbz2' '--enable-cpp' '--enable-jit' '--enable-pcregrep-jit' '--disable-pcre16' '--disable-pcre32' '--disable-pcretest-libedit' '--enable-pcretest-libreadline' '--disable-static' '--enable-utf' '--enable-unicode-properties' '--enable-pcregrep-libz' '--enable-pcre8' '--enable-shared'
       phase-helpers.sh, line  711:  Called __helpers_die 'econf failed'
  isolated-functions.sh, line  112:  Called die
The specific snippet of code:
  		die "$@"

If you need support, post the output of `emerge --info '=dev-libs/libpcre-8.45-r1::gentoo'`,
the complete build log and the output of `emerge -pqv '=dev-libs/libpcre-8.45-r1::gentoo'`.
The complete build log is located at '/var/tmp/portage/dev-libs/libpcre-8.45-r1/temp/build.log'.
The ebuild environment file is located at '/var/tmp/portage/dev-libs/libpcre-8.45-r1/temp/environment'.
Working directory: '/var/tmp/portage/dev-libs/libpcre-8.45-r1/work/pcre-8.45-abi_x86_64.amd64'
S: '/var/tmp/portage/dev-libs/libpcre-8.45-r1/work/pcre-8.45'

>>> Messages generated by process 322151 on 2022-03-25 10:39:20 -00 for package dev-libs/libpcre-8.45-r1:

ERROR: configure
ERROR: dev-libs/libpcre-8.45-r1::gentoo failed (configure phase):
  econf failed

Call stack:
              ebuild.sh, line  127:  Called src_configure
            environment, line 1635:  Called multilib-minimal_src_configure
            environment, line 1032:  Called multilib_foreach_abi 'multilib-minimal_abi_src_configure'
            environment, line 1282:  Called multibuild_foreach_variant '_multilib_multibuild_wrapper' 'multilib-minimal_abi_src_configure'
            environment, line  987:  Called _multibuild_run '_multilib_multibuild_wrapper' 'multilib-minimal_abi_src_configure'
            environment, line  985:  Called _multilib_multibuild_wrapper 'multilib-minimal_abi_src_configure'
            environment, line  371:  Called multilib-minimal_abi_src_configure
            environment, line 1026:  Called multilib_src_configure
            environment, line 1499:  Called econf '--enable-pcregrep-libbz2' '--enable-cpp' '--enable-jit' '--enable-pcregrep-jit' '--disable-pcre16' '--disable-pcre32' '--disable-pcretest-libedit' '--enable-pcretest-libreadline' '--disable-static' '--enable-utf' '--enable-unicode-properties' '--enable-pcregrep-libz' '--enable-pcre8' '--enable-shared'
       phase-helpers.sh, line  711:  Called __helpers_die 'econf failed'
  isolated-functions.sh, line  112:  Called die
The specific snippet of code:
  		die "$@"

If you need support, post the output of `emerge --info '=dev-libs/libpcre-8.45-r1::gentoo'`,
the complete build log and the output of `emerge -pqv '=dev-libs/libpcre-8.45-r1::gentoo'`.
The complete build log is located at '/var/tmp/portage/dev-libs/libpcre-8.45-r1/temp/build.log'.
The ebuild environment file is located at '/var/tmp/portage/dev-libs/libpcre-8.45-r1/temp/environment'.
Working directory: '/var/tmp/portage/dev-libs/libpcre-8.45-r1/work/pcre-8.45-abi_x86_64.amd64'
S: '/var/tmp/portage/dev-libs/libpcre-8.45-r1/work/pcre-8.45'

>>> Messages generated by process 325393 on 2022-03-25 10:39:50 -00 for package dev-libs/libpcre-8.45-r1:

ERROR: configure
ERROR: dev-libs/libpcre-8.45-r1::gentoo failed (configure phase):
  econf failed

Call stack:
              ebuild.sh, line  127:  Called src_configure
            environment, line 1635:  Called multilib-minimal_src_configure
            environment, line 1032:  Called multilib_foreach_abi 'multilib-minimal_abi_src_configure'
            environment, line 1282:  Called multibuild_foreach_variant '_multilib_multibuild_wrapper' 'multilib-minimal_abi_src_configure'
            environment, line  987:  Called _multibuild_run '_multilib_multibuild_wrapper' 'multilib-minimal_abi_src_configure'
            environment, line  985:  Called _multilib_multibuild_wrapper 'multilib-minimal_abi_src_configure'
            environment, line  371:  Called multilib-minimal_abi_src_configure
            environment, line 1026:  Called multilib_src_configure
            environment, line 1499:  Called econf '--enable-pcregrep-libbz2' '--enable-cpp' '--enable-jit' '--enable-pcregrep-jit' '--disable-pcre16' '--disable-pcre32' '--disable-pcretest-libedit' '--enable-pcretest-libreadline' '--disable-static' '--enable-utf' '--enable-unicode-properties' '--enable-pcregrep-libz' '--enable-pcre8' '--enable-shared'
       phase-helpers.sh, line  711:  Called __helpers_die 'econf failed'
  isolated-functions.sh, line  112:  Called die
The specific snippet of code:
  		die "$@"

If you need support, post the output of `emerge --info '=dev-libs/libpcre-8.45-r1::gentoo'`,
the complete build log and the output of `emerge -pqv '=dev-libs/libpcre-8.45-r1::gentoo'`.
The complete build log is located at '/var/tmp/portage/dev-libs/libpcre-8.45-r1/temp/build.log'.
The ebuild environment file is located at '/var/tmp/portage/dev-libs/libpcre-8.45-r1/temp/environment'.
Working directory: '/var/tmp/portage/dev-libs/libpcre-8.45-r1/work/pcre-8.45-abi_x86_64.amd64'
S: '/var/tmp/portage/dev-libs/libpcre-8.45-r1/work/pcre-8.45'

>>> Messages generated by process 330764 on 2022-03-25 10:45:59 -00 for package sys-libs/pam-1.5.1_p20210622-r1:

WARN: postinst
Some software with pre-loaded PAM libraries might experience
warnings or failures related to missing symbols and/or versions
after any update. While unfortunate this is a limit of the
implementation of PAM and the software, and it requires you to
restart the software manually after the update.

You can get a list of such software running a command like
  lsof / | egrep -i 'del.*libpam\.so'

Alternatively, simply reboot your system.

>>> Messages generated by process 442239 on 2022-03-25 10:52:18 -00 for package app-editors/vim-8.2.4328-r1:

QA: setup
Please clean PYTHON_COMPAT of obsolete implementations:
  python3_7

>>> Messages generated by process 442239 on 2022-03-25 10:52:24 -00 for package app-vim/gentoo-syntax-0.20211208:

LOG: postinst
 
This plugin provides documentation via vim's help system. To
view it, use:
    :help gentoo-syntax
 
This plugin makes use of filetype settings. To enable these,
add lines like:
    filetype plugin on
    filetype indent on
to your ~/.vimrc file.
 

>>> Messages generated by process 761490 on 2022-03-25 19:17:13 -00 for package sys-apps/man-db-2.9.4-r1:

WARN: setup
Defaulting to USE=gdbm due to ambiguous berkdb/gdbm USE flag settings

>>> Messages generated by process 783920 on 2022-03-25 19:32:45 -00 for package app-editors/vim-8.2.4328-r1:

QA: setup
Please clean PYTHON_COMPAT of obsolete implementations:
  python3_7

>>> Messages generated by process 795970 on 2022-03-25 19:37:53 -00 for package sys-apps/man-db-2.9.4-r1:

WARN: setup
Defaulting to USE=gdbm due to ambiguous berkdb/gdbm USE flag settings

>>> Messages generated by process 851661 on 2022-03-25 19:51:07 -00 for package dev-python/jinja-3.0.3:

LOG: postinst
For i18n support, please emerge dev-python/Babel.

>>> Messages generated by process 851661 on 2022-03-25 19:51:49 -00 for package sys-fs/udev-249.6-r2:

WARN: setup
Unable to find kernel sources at /usr/src/linux
Unable to calculate Linux Kernel version for build, attempting to use running version
ERROR: setup
  CONFIG_FW_LOADER_USER_HELPER:	 should not be set. But it is.
WARN: setup
Please check to make sure these options are set correctly.
Failure to do so may cause unexpected problems.

>>> Messages generated by process 881718 on 2022-03-25 20:03:38 -00 for package sys-apps/portage-3.0.30-r1:

WARN: pretend
Unable to find kernel sources at /usr/src/linux
Unable to calculate Linux Kernel version for build, attempting to use running version

>>> Messages generated by process 881718 on 2022-03-25 20:03:58 -00 for package dev-python/PySocks-1.7.1-r1:

QA: setup
Please clean PYTHON_COMPAT of obsolete implementations:
  python3_7

>>> Messages generated by process 881718 on 2022-03-25 20:04:04 -00 for package dev-python/urllib3-1.26.8:

QA: install
QA Notice: setuptools warnings detected:

	Usage of dash-separated 'provides-extra' will not be supported in future versions. Please use the underscore name 'provides_extra' instead
	Usage of dash-separated 'requires-dist' will not be supported in future versions. Please use the underscore name 'requires_dist' instead

>>> Messages generated by process 881718 on 2022-03-25 20:04:29 -00 for package sys-apps/portage-3.0.30-r1:

WARN: setup
Unable to find kernel sources at /usr/src/linux
Unable to calculate Linux Kernel version for build, attempting to use running version

>>> Messages generated by process 892776 on 2022-03-25 20:05:32 -00 for package dev-util/meson-0.60.3:

QA: setup
Please clean PYTHON_COMPAT of obsolete implementations:
  python3_7

>>> Messages generated by process 920264 on 2022-03-25 20:21:06 -00 for package dev-libs/libgcrypt-1.9.4-r1:

QA: other
QA Notice: Package triggers severe warnings which indicate that it
           may exhibit random runtime failures.
/usr/include/bits/string_fortified.h:59:10: warning: ‘__builtin_memset’ offset [0, 39] is out of the bounds [0, 0] [-Warray-bounds]
Please do not file a Gentoo bug and instead report the above QA
issues directly to the upstream developers of this software.
Homepage: https://www.gnupg.org/

>>> Messages generated by process 959081 on 2022-03-25 20:54:20 -00 for package sys-apps/util-linux-2.37.4:

LOG: postinst
The mesg/wall/write tools have been disabled due to USE=-tty-helpers.

>>> Messages generated by process 1034702 on 2022-03-25 21:04:30 -00 for package dev-libs/libxml2-2.9.13-r1:

QA: other
QA Notice: Package triggers severe warnings which indicate that it
           may exhibit random runtime failures.
/var/tmp/portage/dev-libs/libxml2-2.9.13-r1/work/libxml2-2.9.13/tree.c:9559:26: warning: array subscript ‘xmlNode {aka struct _xmlNode}[0]’ is partly outside array bounds of ‘unsigned char[96]’ [-Warray-bounds]
/var/tmp/portage/dev-libs/libxml2-2.9.13-r1/work/libxml2-2.9.13/tree.c:9562:30: warning: array subscript ‘xmlNode {aka struct _xmlNode}[0]’ is partly outside array bounds of ‘unsigned char[96]’ [-Warray-bounds]
Please do not file a Gentoo bug and instead report the above QA
issues directly to the upstream developers of this software.
Homepage: http://www.xmlsoft.org/ https://gitlab.gnome.org/GNOME/libxml2

>>> Messages generated by process 1497282 on 2022-03-25 23:54:45 -00 for package dev-libs/libgcrypt-1.9.4-r1:

QA: other
QA Notice: Package triggers severe warnings which indicate that it
           may exhibit random runtime failures.
/usr/include/bits/string_fortified.h:59:10: warning: ‘__builtin_memset’ offset [0, 39] is out of the bounds [0, 0] [-Warray-bounds]
Please do not file a Gentoo bug and instead report the above QA
issues directly to the upstream developers of this software.
Homepage: https://www.gnupg.org/

>>> Messages generated by process 1497282 on 2022-03-25 23:56:14 -00 for package app-editors/vim-8.2.4328-r1:

QA: setup
Please clean PYTHON_COMPAT of obsolete implementations:
  python3_7

>>> Messages generated by process 1497282 on 2022-03-25 23:56:45 -00 for package sys-fs/udev-249.6-r2:

WARN: setup
Unable to find kernel sources at /usr/src/linux
Unable to calculate Linux Kernel version for build, attempting to use running version
ERROR: setup
  CONFIG_FW_LOADER_USER_HELPER:	 should not be set. But it is.
WARN: setup
Please check to make sure these options are set correctly.
Failure to do so may cause unexpected problems.

>>> Messages generated by process 2130739 on 2022-03-26 02:40:58 -00 for package dev-libs/libxml2-2.9.13-r1:

QA: other
QA Notice: Package triggers severe warnings which indicate that it
           may exhibit random runtime failures.
/var/tmp/portage/dev-libs/libxml2-2.9.13-r1/work/libxml2-2.9.13/tree.c:9559:26: warning: array subscript ‘xmlNode {aka struct _xmlNode}[0]’ is partly outside array bounds of ‘unsigned char[96]’ [-Warray-bounds]
/var/tmp/portage/dev-libs/libxml2-2.9.13-r1/work/libxml2-2.9.13/tree.c:9562:30: warning: array subscript ‘xmlNode {aka struct _xmlNode}[0]’ is partly outside array bounds of ‘unsigned char[96]’ [-Warray-bounds]
Please do not file a Gentoo bug and instead report the above QA
issues directly to the upstream developers of this software.
Homepage: http://www.xmlsoft.org/ https://gitlab.gnome.org/GNOME/libxml2

>>> Messages generated by process 2130739 on 2022-03-26 02:41:26 -00 for package sys-apps/util-linux-2.37.4:

LOG: postinst
The mesg/wall/write tools have been disabled due to USE=-tty-helpers.

>>> Messages generated by process 2130739 on 2022-03-26 03:09:40 -00 for package dev-libs/libgcrypt-1.9.4-r1:

QA: other
QA Notice: Package triggers severe warnings which indicate that it
           may exhibit random runtime failures.
/usr/include/bits/string_fortified.h:59:10: warning: ‘__builtin_memset’ offset [0, 39] is out of the bounds [0, 0] [-Warray-bounds]
Please do not file a Gentoo bug and instead report the above QA
issues directly to the upstream developers of this software.
Homepage: https://www.gnupg.org/

>>> Messages generated by process 2130739 on 2022-03-26 03:10:06 -00 for package app-editors/vim-8.2.4328-r1:

QA: setup
Please clean PYTHON_COMPAT of obsolete implementations:
  python3_7

>>> Messages generated by process 2671030 on 2022-03-26 03:52:11 -00 for package sys-devel/gettext-0.21-r1:

QA: other
QA Notice: Package triggers severe warnings which indicate that it
           may exhibit random runtime failures.
cc1: warning: function may return address of local variable [-Wreturn-local-addr]
Please do not file a Gentoo bug and instead report the above QA
issues directly to the upstream developers of this software.
Homepage: https://www.gnu.org/software/gettext/

>>> Messages generated by process 2671030 on 2022-03-26 03:55:16 -00 for package sys-apps/coreutils-8.32-r1:

WARN: postinst
Make sure you run 'hash -r' in your active shells.
You should also re-source your shell settings for LS_COLORS
  changes, such as: source /etc/profile

>>> Messages generated by process 2671030 on 2022-03-26 03:57:01 -00 for package sys-libs/pam-1.5.1_p20210622-r1:

WARN: postinst
Some software with pre-loaded PAM libraries might experience
warnings or failures related to missing symbols and/or versions
after any update. While unfortunate this is a limit of the
implementation of PAM and the software, and it requires you to
restart the software manually after the update.

You can get a list of such software running a command like
  lsof / | egrep -i 'del.*libpam\.so'

Alternatively, simply reboot your system.

>>> Messages generated by process 2671030 on 2022-03-26 03:57:44 -00 for package app-editors/vim-8.2.4328-r1:

QA: setup
Please clean PYTHON_COMPAT of obsolete implementations:
  python3_7

>>> Messages generated by process 2671030 on 2022-03-26 03:58:15 -00 for package sys-fs/udev-249.6-r2:

WARN: setup
Unable to find kernel sources at /usr/src/linux
Unable to calculate Linux Kernel version for build, attempting to use running version
ERROR: setup
  CONFIG_FW_LOADER_USER_HELPER:	 should not be set. But it is.
WARN: setup
Please check to make sure these options are set correctly.
Failure to do so may cause unexpected problems.

>>> Messages generated by process 2671030 on 2022-03-26 04:25:29 -00 for package dev-lang/python-3.9.9-r1:

WARN: configure
You have configured Python without XML support.
This is NOT a recommended configuration as you
may face problems parsing any XML documents.

>>> Messages generated by process 3348487 on 2022-03-26 04:36:15 -00 for package dev-lang/python-3.10.2_p1:

WARN: configure
You have configured Python without XML support.
This is NOT a recommended configuration as you
may face problems parsing any XML documents.

>>> Messages generated by process 3398929 on 2022-03-26 04:56:29 -00 for package net-firewall/iptables-1.8.7:

LOG: prerm
Unsetting iptables symlinks before removal
Unsetting ebtables symlinks before removal
Unsetting arptables symlinks before removal

>>> Messages generated by process 795599 on 2022-03-26 20:30:56 -00 for package sys-apps/hwdata-0.354:

QA: install
QA Notice: command not found:

	/bin/sh: line 1: git: command not found
	/bin/sh: line 1: git: command not found

>>> Messages generated by process 795599 on 2022-03-26 20:32:12 -00 for package sys-boot/grub-2.06-r1:

LOG: postinst
For information on how to configure GRUB2 please refer to the guide:
    https://wiki.gentoo.org/wiki/GRUB2_Quick_Start

Install additional packages for optional runtime features:
  sys-boot/os-prober for detecting other operating systems (grub-mkconfig)
  dev-libs/libisoburn for creating rescue media (grub-mkrescue)
  sys-fs/mdadm for enabling RAID device detection

>>> Messages generated by process 1015570 on 2022-03-26 22:16:00 -00 for package sys-kernel/gentoo-kernel-bin-5.15.29:

WARN: pretend
sys-kernel/linux-firmware not found installed on your system.
This package provides various firmware files that may be needed
for your hardware to work.  If in doubt, it is recommended
to pause or abort the build process and install it before
resuming.

>>> Messages generated by process 1015570 on 2022-03-26 22:17:24 -00 for package app-portage/gentoolkit-0.5.1-r1:

LOG: postinst

For further information on gentoolkit, please read the gentoolkit
guide: https://wiki.gentoo.org/wiki/Gentoolkit

Another alternative to equery is app-portage/portage-utils

Additional tools that may be of interest:

    app-admin/eclean-kernel
    app-portage/diffmask
    app-portage/flaggie
    app-portage/portpeek
    app-portage/smart-live-rebuild

>>> Messages generated by process 444217 on 2022-03-28 08:45:11 -00 for package sys-libs/timezone-data-2021e:

WARN: postinst
Found a regular file at /etc/localtime.
Some software may expect a symlink instead.
You may convert it to a symlink by removing the file and running:
  emerge --config sys-libs/timezone-data

>>> Messages generated by process 510527 on 2022-03-28 02:57:56 CST for package sys-kernel/linux-firmware-20220310:

LOG: install
Your configuration for sys-kernel/linux-firmware-20220310 has been saved in 
"/etc/portage/savedconfig/sys-kernel/linux-firmware-20220310" for your editing pleasure.
You can edit these files by hand and remerge this package with
USE=savedconfig to customise the configuration.
You can rename this file/directory to one of the following for
its configuration to apply to multiple versions:
${PORTAGE_CONFIGROOT}/etc/portage/savedconfig/
[${CTARGET}|${CHOST}|""]/${CATEGORY}/[${PF}|${P}|${PN}]
LOG: postinst
If you are only interested in particular firmware files, edit the saved
configfile and remove those that you do not want.
QA: other
QA Notice: RESTRICT=binchecks prevented checks on these ELF files:
/lib/firmware/qcom/venus-4.2/venus.b00
/lib/firmware/qcom/venus-4.2/venus.mdt
/lib/firmware/qcom/sm8250/a650_zap.mbn
/lib/firmware/qcom/sm8250/adsp.mbn
/lib/firmware/qcom/sm8250/cdsp.mbn
/lib/firmware/qcom/sdm845/adsp.mbn
/lib/firmware/qcom/sdm845/mba.mbn
/lib/firmware/qcom/sdm845/a630_zap.mbn
/lib/firmware/qcom/sdm845/cdsp.mbn
/lib/firmware/qcom/sdm845/modem.mbn
/lib/firmware/qcom/venus-5.2/venus.b00
/lib/firmware/qcom/venus-5.2/venus.mbn
/lib/firmware/qcom/venus-5.2/venus.mdt
/lib/firmware/qcom/venus-5.4/venus.b00
/lib/firmware/qcom/venus-5.4/venus.mbn
/lib/firmware/qcom/venus-5.4/venus.mdt
/lib/firmware/qcom/vpu-2.0/venus.b00
/lib/firmware/qcom/vpu-2.0/venus.mbn
/lib/firmware/qcom/vpu-2.0/venus.mdt
/lib/firmware/qcom/a530_zap.mdt
/lib/firmware/qcom/a530_zap.b00
/lib/firmware/qcom/vpu-1.0/venus.b00
/lib/firmware/qcom/vpu-1.0/venus.mbn
/lib/firmware/qcom/vpu-1.0/venus.mdt
/lib/firmware/qcom/venus-1.8/venus.b00
/lib/firmware/qcom/venus-1.8/venus.mdt
/lib/firmware/ath10k/WCN3990/hw1.0/wlanmdsp.mbn
/lib/firmware/qca/msbtfw11.mbn
/lib/firmware/netronome/nic/nic_AMDA0058-0012_2x40.nffw
/lib/firmware/netronome/nic/nic_AMDA0078-0011_1x100.nffw
/lib/firmware/netronome/nic/nic_AMDA0099-0001_2x25.nffw
/lib/firmware/netronome/nic/nic_AMDA0097-0001_4x10_1x40.nffw
/lib/firmware/netronome/nic/nic_AMDA0081-0001_1x40.nffw
/lib/firmware/netronome/nic/nic_AMDA0096-0001_2x10.nffw
/lib/firmware/netronome/nic/nic_AMDA0099-0001_2x10.nffw
/lib/firmware/netronome/nic/nic_AMDA0097-0001_8x10.nffw
/lib/firmware/netronome/nic/nic_AMDA0097-0001_2x40.nffw
/lib/firmware/netronome/nic/nic_AMDA0081-0001_4x10.nffw
/lib/firmware/netronome/nic/nic_AMDA0099-0001_1x10_1x25.nffw
/lib/firmware/netronome/nic/nic_AMDA0058-0011_2x40.nffw
/lib/firmware/netronome/bpf/nic_AMDA0058-0012_2x40.nffw
/lib/firmware/netronome/bpf/nic_AMDA0078-0011_1x100.nffw
/lib/firmware/netronome/bpf/nic_AMDA0099-0001_2x25.nffw
/lib/firmware/netronome/bpf/nic_AMDA0097-0001_4x10_1x40.nffw
/lib/firmware/netronome/bpf/nic_AMDA0081-0001_1x40.nffw
/lib/firmware/netronome/bpf/nic_AMDA0096-0001_2x10.nffw
/lib/firmware/netronome/bpf/nic_AMDA0099-0001_2x10.nffw
/lib/firmware/netronome/bpf/nic_AMDA0097-0001_8x10.nffw
/lib/firmware/netronome/bpf/nic_AMDA0097-0001_2x40.nffw
/lib/firmware/netronome/bpf/nic_AMDA0081-0001_4x10.nffw
/lib/firmware/netronome/bpf/nic_AMDA0099-0001_1x10_1x25.nffw
/lib/firmware/netronome/bpf/nic_AMDA0058-0011_2x40.nffw
/lib/firmware/netronome/flower/nic_AMDA0097.nffw
/lib/firmware/netronome/flower/nic_AMDA0096.nffw
/lib/firmware/netronome/flower/nic_AMDA0058.nffw
/lib/firmware/netronome/flower/nic_AMDA0099.nffw
/lib/firmware/netronome/nic-sriov/nic_AMDA0058-0012_2x40.nffw
/lib/firmware/netronome/nic-sriov/nic_AMDA0078-0011_1x100.nffw
/lib/firmware/netronome/nic-sriov/nic_AMDA0099-0001_2x25.nffw
/lib/firmware/netronome/nic-sriov/nic_AMDA0097-0001_4x10_1x40.nffw
/lib/firmware/netronome/nic-sriov/nic_AMDA0081-0001_1x40.nffw
/lib/firmware/netronome/nic-sriov/nic_AMDA0096-0001_2x10.nffw
/lib/firmware/netronome/nic-sriov/nic_AMDA0099-0001_2x10.nffw
/lib/firmware/netronome/nic-sriov/nic_AMDA0097-0001_8x10.nffw
/lib/firmware/netronome/nic-sriov/nic_AMDA0097-0001_2x40.nffw
/lib/firmware/netronome/nic-sriov/nic_AMDA0081-0001_4x10.nffw
/lib/firmware/netronome/nic-sriov/nic_AMDA0099-0001_1x10_1x25.nffw
/lib/firmware/netronome/nic-sriov/nic_AMDA0058-0011_2x40.nffw
/lib/firmware/ath11k/IPQ8074/hw2.0/q6_fw.b00
/lib/firmware/ath11k/IPQ8074/hw2.0/m3_fw.mdt
/lib/firmware/ath11k/IPQ8074/hw2.0/m3_fw.b00
/lib/firmware/ath11k/IPQ8074/hw2.0/q6_fw.mdt
/lib/firmware/ath11k/WCN6855/hw2.0/amss.bin
/lib/firmware/ath11k/WCN6855/hw2.0/m3.bin
/lib/firmware/ath11k/QCA6390/hw2.0/amss.bin
/lib/firmware/ath11k/QCA6390/hw2.0/m3.bin
/lib/firmware/ath11k/IPQ6018/hw1.0/q6_fw.b00
/lib/firmware/ath11k/IPQ6018/hw1.0/m3_fw.mdt
/lib/firmware/ath11k/IPQ6018/hw1.0/m3_fw.b00
/lib/firmware/ath11k/IPQ6018/hw1.0/q6_fw.mdt
/lib/firmware/mediatek/mt8183/scp.img

>>> Messages generated by process 586737 on 2022-03-28 03:09:39 CST for package dev-vcs/git-2.34.1:

LOG: postinst
Please read /usr/share/bash-completion/completions/git for Git bash command
completion.
Please read /usr/share/git/git-prompt.sh for Git bash prompt
Note that the prompt bash code is now in that separate script
These additional scripts need some dependencies:
  git-quiltimport  : dev-util/quilt
  git-instaweb     : || ( www-servers/lighttpd www-servers/apache www-servers/nginx )

